#
# There is insufficient memory for the Java Runtime Environment to continue.
# Native memory allocation (malloc) failed to allocate 1265776 bytes for Chunk::new
# Possible reasons:
#   The system is out of physical RAM or swap space
#   The process is running with CompressedOops enabled, and the Java Heap may be blocking the growth of the native heap
# Possible solutions:
#   Reduce memory load on the system
#   Increase physical memory or swap space
#   Check if swap backing store is full
#   Decrease Java heap size (-Xmx/-Xms)
#   Decrease number of Java threads
#   Decrease Java thread stack sizes (-Xss)
#   Set larger code cache with -XX:ReservedCodeCacheSize=
#   JVM is running with Unscaled Compressed Oops mode in which the Java heap is
#     placed in the first 4GB address space. The Java Heap base address is the
#     maximum limit for the native heap growth. Please use -XX:HeapBaseMinAddress
#     to set the Java Heap base and to place the Java Heap above 4GB virtual address.
# This output file may be truncated or incomplete.
#
#  Out of Memory Error (allocation.cpp:389), pid=39200, tid=0x0000000000006334
#
# JRE version: Java(TM) SE Runtime Environment (8.0_351-b10) (build 1.8.0_351-b10)
# Java VM: Java HotSpot(TM) 64-Bit Server VM (25.351-b10 mixed mode windows-amd64 compressed oops)
# Failed to write core dump. Minidumps are not enabled by default on client versions of Windows
#

---------------  T H R E A D  ---------------

Current thread (0x0000029e2969e000):  JavaThread "C2 CompilerThread2" daemon [_thread_in_native, id=25396, stack(0x000000e0d8700000,0x000000e0d8800000)]

Stack: [0x000000e0d8700000,0x000000e0d8800000]
Native frames: (J=compiled Java code, j=interpreted, Vv=VM code, C=native code)
V  [jvm.dll+0x3300b9]
V  [jvm.dll+0x276632]
V  [jvm.dll+0x2772dd]
V  [jvm.dll+0x26dc85]
V  [jvm.dll+0xd584c]
V  [jvm.dll+0xd604c]
V  [jvm.dll+0x471a53]
V  [jvm.dll+0x4392c8]
V  [jvm.dll+0x442115]
V  [jvm.dll+0x4414d5]
V  [jvm.dll+0x42c27b]
V  [jvm.dll+0xac69b]
V  [jvm.dll+0xaacfb]
V  [jvm.dll+0x23ec62]
V  [jvm.dll+0x29330c]
C  [ucrtbase.dll+0x21bb2]
C  [KERNEL32.DLL+0x17614]
C  [ntdll.dll+0x526a1]


Current CompileTask:
C2:   7205 3189   !   4       org.codehaus.plexus.interpolation.StringSearchInterpolator::interpolate (650 bytes)


---------------  P R O C E S S  ---------------

Java Threads: ( => current thread )
  0x0000029e2aa90800 JavaThread "Service Thread" daemon [_thread_blocked, id=41808, stack(0x000000e0d8900000,0x000000e0d8a00000)]
  0x0000029e296be800 JavaThread "C1 CompilerThread3" daemon [_thread_blocked, id=43200, stack(0x000000e0d8800000,0x000000e0d8900000)]
=>0x0000029e2969e000 JavaThread "C2 CompilerThread2" daemon [_thread_in_native, id=25396, stack(0x000000e0d8700000,0x000000e0d8800000)]
  0x0000029e2969b000 JavaThread "C2 CompilerThread1" daemon [_thread_in_native, id=10732, stack(0x000000e0d8600000,0x000000e0d8700000)]
  0x0000029e2968b800 JavaThread "C2 CompilerThread0" daemon [_thread_in_native, id=19960, stack(0x000000e0d8500000,0x000000e0d8600000)]
  0x0000029e29688800 JavaThread "Attach Listener" daemon [_thread_blocked, id=20952, stack(0x000000e0d8400000,0x000000e0d8500000)]
  0x0000029e29685800 JavaThread "Signal Dispatcher" daemon [_thread_blocked, id=11004, stack(0x000000e0d8300000,0x000000e0d8400000)]
  0x0000029e28a5d800 JavaThread "Finalizer" daemon [_thread_blocked, id=12972, stack(0x000000e0d8200000,0x000000e0d8300000)]
  0x0000029e2965a800 JavaThread "Reference Handler" daemon [_thread_blocked, id=19368, stack(0x000000e0d8100000,0x000000e0d8200000)]
  0x0000029e12a95800 JavaThread "main" [_thread_in_native, id=22416, stack(0x000000e0d7700000,0x000000e0d7800000)]

Other Threads:
  0x0000029e28a58800 VMThread [stack: 0x000000e0d8000000,0x000000e0d8100000] [id=14284]
  0x0000029e2970e000 WatcherThread [stack: 0x000000e0d8a00000,0x000000e0d8b00000] [id=28512]

VM state:not at safepoint (normal execution)

VM Mutex/Monitor currently owned by a thread: None

heap address: 0x0000000081c00000, size: 2020 MB, Compressed Oops mode: 32-bit
Narrow klass base: 0x0000000000000000, Narrow klass shift: 3
Compressed class space size: 1073741824 Address: 0x0000000100000000

Heap:
 PSYoungGen      total 71680K, used 19789K [0x00000000d5f00000, 0x00000000daa00000, 0x0000000100000000)
  eden space 66560K, 22% used [0x00000000d5f00000,0x00000000d6d5b490,0x00000000da000000)
  from space 5120K, 99% used [0x00000000da000000,0x00000000da4f8040,0x00000000da500000)
  to   space 5120K, 0% used [0x00000000da500000,0x00000000da500000,0x00000000daa00000)
 ParOldGen       total 87552K, used 13860K [0x0000000081c00000, 0x0000000087180000, 0x00000000d5f00000)
  object space 87552K, 15% used [0x0000000081c00000,0x00000000829893c8,0x0000000087180000)
 Metaspace       used 16532K, capacity 16780K, committed 16896K, reserved 1064960K
  class space    used 1891K, capacity 1984K, committed 2048K, reserved 1048576K

Card table byte_map: [0x0000029e23760000,0x0000029e23b60000] byte_map_base: 0x0000029e23352000

Marking Bits: (ParMarkBitMap*) 0x0000000067e68fd0
 Begin Bits: [0x0000029e23e10000, 0x0000029e25da0000)
 End Bits:   [0x0000029e25da0000, 0x0000029e27d30000)

Polling page: 0x0000029e14370000

CodeCache: size=245760Kb used=11900Kb max_used=11918Kb free=233859Kb
 bounds [0x0000029e143a0000, 0x0000029e14f60000, 0x0000029e233a0000]
 total_blobs=3678 nmethods=3306 adapters=284
 compilation: enabled

Compilation events (10 events):
Event: 6.982 Thread 0x0000029e296be800 3321       1       org.eclipse.aether.graph.DefaultDependencyNode::getRepositories (5 bytes)
Event: 6.982 Thread 0x0000029e296be800 nmethod 3321 0x0000029e14f44e10 code [0x0000029e14f44f60, 0x0000029e14f45078]
Event: 6.982 Thread 0x0000029e296be800 3322       1       org.eclipse.aether.internal.impl.ArtifactRequestBuilder::visitLeave (2 bytes)
Event: 6.982 Thread 0x0000029e296be800 nmethod 3322 0x0000029e14f450d0 code [0x0000029e14f45220, 0x0000029e14f45338]
Event: 7.010 Thread 0x0000029e2968b800 nmethod 3206 0x0000029e14f4a950 code [0x0000029e14f4ac80, 0x0000029e14f4d500]
Event: 7.010 Thread 0x0000029e2968b800 3289       4       java.util.HashMap::getNode (148 bytes)
Event: 7.014 Thread 0x0000029e2968b800 nmethod 3289 0x0000029e14f47650 code [0x0000029e14f477a0, 0x0000029e14f47998]
Event: 7.014 Thread 0x0000029e2968b800 3288       4       java.util.HashMap::get (23 bytes)
Event: 7.018 Thread 0x0000029e2968b800 nmethod 3288 0x0000029e14f45a90 code [0x0000029e14f45be0, 0x0000029e14f45eb8]
Event: 7.018 Thread 0x0000029e2968b800 3286       4       org.eclipse.aether.util.graph.transformer.ConflictResolver::gatherConflictItems (111 bytes)

GC Heap History (10 events):
Event: 1.278 GC heap before
{Heap before GC invocations=1 (full 0):
 PSYoungGen      total 38400K, used 33280K [0x00000000d5f00000, 0x00000000d8980000, 0x0000000100000000)
  eden space 33280K, 100% used [0x00000000d5f00000,0x00000000d7f80000,0x00000000d7f80000)
  from space 5120K, 0% used [0x00000000d8480000,0x00000000d8480000,0x00000000d8980000)
  to   space 5120K, 0% used [0x00000000d7f80000,0x00000000d7f80000,0x00000000d8480000)
 ParOldGen       total 87552K, used 0K [0x0000000081c00000, 0x0000000087180000, 0x00000000d5f00000)
  object space 87552K, 0% used [0x0000000081c00000,0x0000000081c00000,0x0000000087180000)
 Metaspace       used 8829K, capacity 8984K, committed 9088K, reserved 1056768K
  class space    used 1058K, capacity 1144K, committed 1152K, reserved 1048576K
Event: 1.286 GC heap after
Heap after GC invocations=1 (full 0):
 PSYoungGen      total 38400K, used 5102K [0x00000000d5f00000, 0x00000000d8980000, 0x0000000100000000)
  eden space 33280K, 0% used [0x00000000d5f00000,0x00000000d5f00000,0x00000000d7f80000)
  from space 5120K, 99% used [0x00000000d7f80000,0x00000000d847bae0,0x00000000d8480000)
  to   space 5120K, 0% used [0x00000000d8480000,0x00000000d8480000,0x00000000d8980000)
 ParOldGen       total 87552K, used 273K [0x0000000081c00000, 0x0000000087180000, 0x00000000d5f00000)
  object space 87552K, 0% used [0x0000000081c00000,0x0000000081c447d8,0x0000000087180000)
 Metaspace       used 8829K, capacity 8984K, committed 9088K, reserved 1056768K
  class space    used 1058K, capacity 1144K, committed 1152K, reserved 1048576K
}
Event: 2.119 GC heap before
{Heap before GC invocations=2 (full 0):
 PSYoungGen      total 38400K, used 38382K [0x00000000d5f00000, 0x00000000d8980000, 0x0000000100000000)
  eden space 33280K, 100% used [0x00000000d5f00000,0x00000000d7f80000,0x00000000d7f80000)
  from space 5120K, 99% used [0x00000000d7f80000,0x00000000d847bae0,0x00000000d8480000)
  to   space 5120K, 0% used [0x00000000d8480000,0x00000000d8480000,0x00000000d8980000)
 ParOldGen       total 87552K, used 273K [0x0000000081c00000, 0x0000000087180000, 0x00000000d5f00000)
  object space 87552K, 0% used [0x0000000081c00000,0x0000000081c447d8,0x0000000087180000)
 Metaspace       used 12712K, capacity 12912K, committed 13184K, reserved 1060864K
  class space    used 1573K, capacity 1638K, committed 1664K, reserved 1048576K
Event: 2.136 GC heap after
Heap after GC invocations=2 (full 0):
 PSYoungGen      total 38400K, used 5100K [0x00000000d5f00000, 0x00000000daa00000, 0x0000000100000000)
  eden space 33280K, 0% used [0x00000000d5f00000,0x00000000d5f00000,0x00000000d7f80000)
  from space 5120K, 99% used [0x00000000d8480000,0x00000000d897b140,0x00000000d8980000)
  to   space 5120K, 0% used [0x00000000d7f80000,0x00000000d7f80000,0x00000000d8480000)
 ParOldGen       total 87552K, used 3012K [0x0000000081c00000, 0x0000000087180000, 0x00000000d5f00000)
  object space 87552K, 3% used [0x0000000081c00000,0x0000000081ef12e0,0x0000000087180000)
 Metaspace       used 12712K, capacity 12912K, committed 13184K, reserved 1060864K
  class space    used 1573K, capacity 1638K, committed 1664K, reserved 1048576K
}
Event: 3.881 GC heap before
{Heap before GC invocations=3 (full 0):
 PSYoungGen      total 38400K, used 38380K [0x00000000d5f00000, 0x00000000daa00000, 0x0000000100000000)
  eden space 33280K, 100% used [0x00000000d5f00000,0x00000000d7f80000,0x00000000d7f80000)
  from space 5120K, 99% used [0x00000000d8480000,0x00000000d897b140,0x00000000d8980000)
  to   space 5120K, 0% used [0x00000000d7f80000,0x00000000d7f80000,0x00000000d8480000)
 ParOldGen       total 87552K, used 3012K [0x0000000081c00000, 0x0000000087180000, 0x00000000d5f00000)
  object space 87552K, 3% used [0x0000000081c00000,0x0000000081ef12e0,0x0000000087180000)
 Metaspace       used 15562K, capacity 15812K, committed 16128K, reserved 1062912K
  class space    used 1868K, capacity 1972K, committed 2048K, reserved 1048576K
Event: 3.900 GC heap after
Heap after GC invocations=3 (full 0):
 PSYoungGen      total 38400K, used 5088K [0x00000000d5f00000, 0x00000000daa00000, 0x0000000100000000)
  eden space 33280K, 0% used [0x00000000d5f00000,0x00000000d5f00000,0x00000000d7f80000)
  from space 5120K, 99% used [0x00000000d7f80000,0x00000000d8478020,0x00000000d8480000)
  to   space 5120K, 0% used [0x00000000da500000,0x00000000da500000,0x00000000daa00000)
 ParOldGen       total 87552K, used 7298K [0x0000000081c00000, 0x0000000087180000, 0x00000000d5f00000)
  object space 87552K, 8% used [0x0000000081c00000,0x0000000082320810,0x0000000087180000)
 Metaspace       used 15562K, capacity 15812K, committed 16128K, reserved 1062912K
  class space    used 1868K, capacity 1972K, committed 2048K, reserved 1048576K
}
Event: 4.917 GC heap before
{Heap before GC invocations=4 (full 0):
 PSYoungGen      total 38400K, used 38368K [0x00000000d5f00000, 0x00000000daa00000, 0x0000000100000000)
  eden space 33280K, 100% used [0x00000000d5f00000,0x00000000d7f80000,0x00000000d7f80000)
  from space 5120K, 99% used [0x00000000d7f80000,0x00000000d8478020,0x00000000d8480000)
  to   space 5120K, 0% used [0x00000000da500000,0x00000000da500000,0x00000000daa00000)
 ParOldGen       total 87552K, used 7298K [0x0000000081c00000, 0x0000000087180000, 0x00000000d5f00000)
  object space 87552K, 8% used [0x0000000081c00000,0x0000000082320810,0x0000000087180000)
 Metaspace       used 15893K, capacity 16168K, committed 16384K, reserved 1062912K
  class space    used 1874K, capacity 1978K, committed 2048K, reserved 1048576K
Event: 4.931 GC heap after
Heap after GC invocations=4 (full 0):
 PSYoungGen      total 71680K, used 5104K [0x00000000d5f00000, 0x00000000daa00000, 0x0000000100000000)
  eden space 66560K, 0% used [0x00000000d5f00000,0x00000000d5f00000,0x00000000da000000)
  from space 5120K, 99% used [0x00000000da500000,0x00000000da9fc050,0x00000000daa00000)
  to   space 5120K, 0% used [0x00000000da000000,0x00000000da000000,0x00000000da500000)
 ParOldGen       total 87552K, used 9575K [0x0000000081c00000, 0x0000000087180000, 0x00000000d5f00000)
  object space 87552K, 10% used [0x0000000081c00000,0x0000000082559db8,0x0000000087180000)
 Metaspace       used 15893K, capacity 16168K, committed 16384K, reserved 1062912K
  class space    used 1874K, capacity 1978K, committed 2048K, reserved 1048576K
}
Event: 6.762 GC heap before
{Heap before GC invocations=5 (full 0):
 PSYoungGen      total 71680K, used 71664K [0x00000000d5f00000, 0x00000000daa00000, 0x0000000100000000)
  eden space 66560K, 100% used [0x00000000d5f00000,0x00000000da000000,0x00000000da000000)
  from space 5120K, 99% used [0x00000000da500000,0x00000000da9fc050,0x00000000daa00000)
  to   space 5120K, 0% used [0x00000000da000000,0x00000000da000000,0x00000000da500000)
 ParOldGen       total 87552K, used 9575K [0x0000000081c00000, 0x0000000087180000, 0x00000000d5f00000)
  object space 87552K, 10% used [0x0000000081c00000,0x0000000082559db8,0x0000000087180000)
 Metaspace       used 16343K, capacity 16582K, committed 16896K, reserved 1064960K
  class space    used 1879K, capacity 1983K, committed 2048K, reserved 1048576K
Event: 6.775 GC heap after
Heap after GC invocations=5 (full 0):
 PSYoungGen      total 71680K, used 5088K [0x00000000d5f00000, 0x00000000daa00000, 0x0000000100000000)
  eden space 66560K, 0% used [0x00000000d5f00000,0x00000000d5f00000,0x00000000da000000)
  from space 5120K, 99% used [0x00000000da000000,0x00000000da4f8040,0x00000000da500000)
  to   space 5120K, 0% used [0x00000000da500000,0x00000000da500000,0x00000000daa00000)
 ParOldGen       total 87552K, used 13860K [0x0000000081c00000, 0x0000000087180000, 0x00000000d5f00000)
  object space 87552K, 15% used [0x0000000081c00000,0x00000000829893c8,0x0000000087180000)
 Metaspace       used 16343K, capacity 16582K, committed 16896K, reserved 1064960K
  class space    used 1879K, capacity 1983K, committed 2048K, reserved 1048576K
}

Deoptimization events (10 events):
Event: 4.708 Thread 0x0000029e12a95800 Uncommon trap: reason=unstable_if action=reinterpret pc=0x0000029e14942120 method=org.codehaus.plexus.util.xml.pull.MXParser.parseStartTag()I @ 100
Event: 5.304 Thread 0x0000029e12a95800 Uncommon trap: reason=null_check action=make_not_entrant pc=0x0000029e14d086bc method=org.apache.maven.model.validation.DefaultModelValidator.validateEffectiveDependency(Lorg/apache/maven/model/building/ModelProblemCollector;Lorg/apache/maven/model/Depend
Event: 5.637 Thread 0x0000029e12a95800 Uncommon trap: reason=unstable_if action=reinterpret pc=0x0000029e14cadd30 method=org.apache.maven.model.merge.ModelMerger.merge(Ljava/util/List;Ljava/util/List;Lorg/apache/maven/model/merge/ModelMerger$KeyComputer;Lorg/apache/maven/model/merge/ModelMerge
Event: 6.096 Thread 0x0000029e12a95800 Uncommon trap: reason=unstable_if action=reinterpret pc=0x0000029e14c8c5c4 method=org.codehaus.plexus.interpolation.StringSearchInterpolator.interpolate(Ljava/lang/String;Lorg/codehaus/plexus/interpolation/RecursionInterceptor;Ljava/util/Set;)Ljava/lang/S
Event: 6.687 Thread 0x0000029e12a95800 Uncommon trap: reason=unstable_if action=reinterpret pc=0x0000029e14e1b29c method=org.apache.maven.model.interpolation.StringVisitorModelInterpolator$ModelVisitor.visit(Lorg/apache/maven/model/Dependency;)V @ 42
Event: 6.857 Thread 0x0000029e12a95800 Uncommon trap: reason=null_check action=make_not_entrant pc=0x0000029e14d26d08 method=org.codehaus.plexus.interpolation.reflection.ReflectionValueExtractor.getClassMap(Ljava/lang/Class;)Lorg/codehaus/plexus/interpolation/reflection/ClassMap; @ 21
Event: 6.857 Thread 0x0000029e12a95800 Uncommon trap: reason=unstable_if action=reinterpret pc=0x0000029e14e06db0 method=java.lang.CharacterDataLatin1.isJavaIdentifierStart(I)Z @ 14
Event: 6.932 Thread 0x0000029e12a95800 Uncommon trap: reason=unstable_if action=reinterpret pc=0x0000029e14b472f8 method=java.util.HashMap.getNode(ILjava/lang/Object;)Ljava/util/HashMap$Node; @ 53
Event: 6.933 Thread 0x0000029e12a95800 Uncommon trap: reason=unstable_if action=reinterpret pc=0x0000029e1491a928 method=java.util.HashMap.hash(Ljava/lang/Object;)I @ 1
Event: 6.933 Thread 0x0000029e12a95800 Uncommon trap: reason=unstable_if action=reinterpret pc=0x0000029e1475adb8 method=java.util.HashMap.getNode(ILjava/lang/Object;)Ljava/util/HashMap$Node; @ 53

Classes redefined (0 events):
No events

Internal exceptions (10 events):
Event: 2.799 Thread 0x0000029e12a95800 Implicit null exception at 0x0000029e14586f14 to 0x0000029e145872cd
Event: 3.157 Thread 0x0000029e12a95800 Implicit null exception at 0x0000029e1497fd90 to 0x0000029e1498108d
Event: 3.758 Thread 0x0000029e12a95800 Implicit null exception at 0x0000029e14a5dc37 to 0x0000029e14a5de81
Event: 3.800 Thread 0x0000029e12a95800 Implicit null exception at 0x0000029e149fa0ee to 0x0000029e149fa38d
Event: 3.801 Thread 0x0000029e12a95800 Implicit null exception at 0x0000029e149fc828 to 0x0000029e149fd109
Event: 3.801 Thread 0x0000029e12a95800 Implicit null exception at 0x0000029e14780055 to 0x0000029e14780225
Event: 3.801 Thread 0x0000029e12a95800 Implicit null exception at 0x0000029e14907e58 to 0x0000029e14907ee6
Event: 5.304 Thread 0x0000029e12a95800 Implicit null exception at 0x0000029e14d08120 to 0x0000029e14d08699
Event: 6.857 Thread 0x0000029e12a95800 Implicit null exception at 0x0000029e14d2568e to 0x0000029e14d26cf9
Event: 6.933 Thread 0x0000029e12a95800 Implicit null exception at 0x0000029e1491a8af to 0x0000029e1491a919

Events (10 events):
Event: 6.976 loading class org/eclipse/aether/internal/impl/ArtifactRequestBuilder
Event: 6.976 loading class org/eclipse/aether/internal/impl/ArtifactRequestBuilder done
Event: 6.977 loading class org/eclipse/aether/util/graph/visitor/FilteringDependencyVisitor
Event: 6.977 loading class org/eclipse/aether/util/graph/visitor/FilteringDependencyVisitor done
Event: 6.978 loading class org/eclipse/aether/util/graph/visitor/Stack
Event: 6.978 loading class org/eclipse/aether/util/graph/visitor/Stack done
Event: 6.979 loading class org/eclipse/aether/util/graph/visitor/TreeDependencyVisitor
Event: 6.979 loading class org/eclipse/aether/util/graph/visitor/TreeDependencyVisitor done
Event: 7.148 Thread 0x0000029e12a95800 DEOPT PACKING pc=0x0000029e144e990c sp=0x000000e0d77fda20
Event: 7.148 Thread 0x0000029e12a95800 DEOPT UNPACKING pc=0x0000029e143e7918 sp=0x000000e0d77fd898 mode 0


Dynamic libraries:
0x00007ff65a750000 - 0x00007ff65a797000 	C:\Program Files\Java\jdk1.8.0_351\bin\javaw.exe
0x00007ffbe07f0000 - 0x00007ffbe09e8000 	C:\Windows\SYSTEM32\ntdll.dll
0x00007ffbd8c80000 - 0x00007ffbd8c97000 	C:\Program Files\Avast Software\Avast\aswhook.dll
0x00007ffbdfbf0000 - 0x00007ffbdfcaf000 	C:\Windows\System32\KERNEL32.DLL
0x00007ffbde240000 - 0x00007ffbde512000 	C:\Windows\System32\KERNELBASE.dll
0x00007ffbdf930000 - 0x00007ffbdf9de000 	C:\Windows\System32\ADVAPI32.dll
0x00007ffbdff50000 - 0x00007ffbdffee000 	C:\Windows\System32\msvcrt.dll
0x00007ffbe0070000 - 0x00007ffbe010c000 	C:\Windows\System32\sechost.dll
0x00007ffbdea40000 - 0x00007ffbdeb65000 	C:\Windows\System32\RPCRT4.dll
0x00007ffbdf9e0000 - 0x00007ffbdfb81000 	C:\Windows\System32\USER32.dll
0x00007ffbde210000 - 0x00007ffbde232000 	C:\Windows\System32\win32u.dll
0x00007ffbe0190000 - 0x00007ffbe01bb000 	C:\Windows\System32\GDI32.dll
0x00007ffbde090000 - 0x00007ffbde19f000 	C:\Windows\System32\gdi32full.dll
0x00007ffbde790000 - 0x00007ffbde82d000 	C:\Windows\System32\msvcp_win.dll
0x00007ffbddee0000 - 0x00007ffbddfe0000 	C:\Windows\System32\ucrtbase.dll
0x00007ffbbbea0000 - 0x00007ffbbc13a000 	C:\Windows\WinSxS\amd64_microsoft.windows.common-controls_6595b64144ccf1df_6.0.19041.1110_none_60b5254171f9507e\COMCTL32.dll
0x00007ffbdf620000 - 0x00007ffbdf652000 	C:\Windows\System32\IMM32.DLL
0x00007ffbceb50000 - 0x00007ffbceb65000 	C:\Program Files\Java\jdk1.8.0_351\jre\bin\vcruntime140.dll
0x00007ffbceab0000 - 0x00007ffbceb4b000 	C:\Program Files\Java\jdk1.8.0_351\jre\bin\msvcp140.dll
0x0000000067680000 - 0x0000000067ee1000 	C:\Program Files\Java\jdk1.8.0_351\jre\bin\server\jvm.dll
0x00007ffbde830000 - 0x00007ffbde838000 	C:\Windows\System32\PSAPI.DLL
0x00007ffbd1270000 - 0x00007ffbd1279000 	C:\Windows\SYSTEM32\WSOCK32.dll
0x00007ffbd6770000 - 0x00007ffbd677a000 	C:\Windows\SYSTEM32\VERSION.dll
0x00007ffbbe940000 - 0x00007ffbbe967000 	C:\Windows\SYSTEM32\WINMM.dll
0x00007ffbdf810000 - 0x00007ffbdf87b000 	C:\Windows\System32\WS2_32.dll
0x00007ffbdc650000 - 0x00007ffbdc662000 	C:\Windows\SYSTEM32\kernel.appcore.dll
0x00007ffbd3d50000 - 0x00007ffbd3d60000 	C:\Program Files\Java\jdk1.8.0_351\jre\bin\verify.dll
0x00007ffbb93f0000 - 0x00007ffbb941b000 	C:\Program Files\Java\jdk1.8.0_351\jre\bin\java.dll
0x00007ffbc0670000 - 0x00007ffbc0688000 	C:\Program Files\Java\jdk1.8.0_351\jre\bin\zip.dll
0x00007ffbdeed0000 - 0x00007ffbdf614000 	C:\Windows\System32\SHELL32.dll
0x00007ffbdbad0000 - 0x00007ffbdc262000 	C:\Windows\SYSTEM32\windows.storage.dll
0x00007ffbdeb70000 - 0x00007ffbdeec5000 	C:\Windows\System32\combase.dll
0x00007ffbdd940000 - 0x00007ffbdd970000 	C:\Windows\SYSTEM32\Wldp.dll
0x00007ffbdf880000 - 0x00007ffbdf92d000 	C:\Windows\System32\SHCORE.dll
0x00007ffbdfb90000 - 0x00007ffbdfbe5000 	C:\Windows\System32\shlwapi.dll
0x00007ffbdde20000 - 0x00007ffbdde3f000 	C:\Windows\SYSTEM32\profapi.dll
0x00007ffbdd890000 - 0x00007ffbdd8a8000 	C:\Windows\SYSTEM32\CRYPTSP.dll
0x00007ffbdce40000 - 0x00007ffbdce74000 	C:\Windows\system32\rsaenh.dll
0x00007ffbde6d0000 - 0x00007ffbde6f7000 	C:\Windows\System32\bcrypt.dll
0x00007ffbddde0000 - 0x00007ffbdde0e000 	C:\Windows\SYSTEM32\USERENV.dll
0x00007ffbde700000 - 0x00007ffbde782000 	C:\Windows\System32\bcryptprimitives.dll
0x00007ffbdd8b0000 - 0x00007ffbdd8bc000 	C:\Windows\SYSTEM32\CRYPTBASE.dll
0x00007ffbcf8b0000 - 0x00007ffbcf8cc000 	C:\Program Files\Java\jdk1.8.0_351\jre\bin\net.dll
0x00007ffbdd6a0000 - 0x00007ffbdd70a000 	C:\Windows\system32\mswsock.dll
0x00007ffbdd340000 - 0x00007ffbdd37b000 	C:\Windows\SYSTEM32\IPHLPAPI.DLL
0x00007ffbe0000000 - 0x00007ffbe0008000 	C:\Windows\System32\NSI.dll
0x00007ffbd6960000 - 0x00007ffbd6977000 	C:\Windows\SYSTEM32\dhcpcsvc6.DLL
0x00007ffbd6c70000 - 0x00007ffbd6c8d000 	C:\Windows\SYSTEM32\dhcpcsvc.DLL
0x00007ffbdd380000 - 0x00007ffbdd44a000 	C:\Windows\SYSTEM32\DNSAPI.dll
0x00007ffbcf890000 - 0x00007ffbcf8a3000 	C:\Program Files\Java\jdk1.8.0_351\jre\bin\nio.dll
0x00007ffbd5660000 - 0x00007ffbd566a000 	C:\Users\ComTech\AppData\Local\Temp\jansi-1.17.1-3078256792560386062.dll
0x00007ffbd5650000 - 0x00007ffbd565a000 	C:\Users\ComTech\AppData\Local\Temp\jansi-1.17.1-3036566735782273243.dll
0x00007ffbdc330000 - 0x00007ffbdc514000 	C:\Windows\SYSTEM32\dbghelp.dll

VM Arguments:
jvm_args: -Dmaven.home=EMBEDDED -Dclassworlds.conf=C:\fakultet\7. semestar\XML\New folder\.metadata\.plugins\org.eclipse.m2e.launching\launches\m2conf2097984962049451996.tmp -Dmaven.multiModuleProjectDirectory=C:\fakultet\7. semestar\XML\Projekat\XML-project\projekat\autorskoDelo -Dfile.encoding=Cp1252 
java_command: org.codehaus.plexus.classworlds.launcher.Launcher -B spring-boot:run
java_class_path (initial): C:\eclipse\plugins\org.eclipse.m2e.maven.runtime_1.15.0.20200310-1832\jars\plexus-classworlds-2.6.0.jar
Launcher Type: SUN_STANDARD

Environment Variables:
JAVA_HOME=C:\Program Files\Java\jdk1.8.0_202\
JRE_HOME=C:\Program Files\Java\jre1.8.0_202\
PATH=C:/Program Files/Java/jre1.8.0_202/bin/server;C:/Program Files/Java/jre1.8.0_202/bin;C:/Program Files/Java/jre1.8.0_202/lib/amd64;C:\Program Files (x86)\Common Files\Oracle\Java\javapath;C:\Program Files\Common Files\Oracle\Java\javapath;C:\Windows\system32;C:\Windows;C:\Windows\System32\Wbem;C:\Windows\System32\WindowsPowerShell\v1.0\;C:\Windows\System32\OpenSSH\;C:\Program Files\Git\cmd;C:\Program Files\nodejs\;C:\Users\ComTech\AppData\Local\Programs\Python\Python38\Scripts\;C:\Users\ComTech\AppData\Local\Programs\Python\Python38\;C:\Users\ComTech\AppData\Local\Microsoft\WindowsApps;C:\Users\ComTech\AppData\Local\Programs\Microsoft VS Code\bin;C:\Program Files\JetBrains\PyCharm 2022.2.2\bin;;C:\Users\ComTech\AppData\Roaming\npm;C:\Program Files\Java\jdk-17.0.3.1\bin;C:\Program Files\Java\jdk-17.0.5\bin;C:\Program Files\Java\jdk-18.0.1.1\bin;;C:\eclipse;
USERNAME=ComTech
OS=Windows_NT
PROCESSOR_IDENTIFIER=Intel64 Family 6 Model 142 Stepping 11, GenuineIntel



---------------  S Y S T E M  ---------------

OS: Windows 10 , 64 bit Build 19041 (10.0.19041.2364)

CPU:total 8 (initial active 8) (4 cores per cpu, 2 threads per core) family 6 model 142 stepping 11, cmov, cx8, fxsr, mmx, sse, sse2, sse3, ssse3, sse4.1, sse4.2, popcnt, avx, avx2, aes, clmul, erms, 3dnowpref, lzcnt, ht, tsc, tscinvbit, bmi1, bmi2, adx

Memory: 4k page, physical 8272088k(322168k free), swap 23818520k(3224k free)

vm_info: Java HotSpot(TM) 64-Bit Server VM (25.351-b10) for windows-amd64 JRE (1.8.0_351-b10), built on Sep 15 2022 02:58:06 by "java_re" with MS VC++ 15.9 (VS2017)

time: Tue Jan  3 23:48:19 2023
timezone: Central Europe Standard Time
elapsed time: 7.216010 seconds (0d 0h 0m 7s)

